<?xml version="1.0" encoding="UTF-8"?>
<!-- Generated by org.testng.reporters.JUnitXMLReporter -->
<testsuite hostname="RAVI-PC" ignored="0" name="Default test" tests="6" failures="0" timestamp="15 Jul 2020 13:54:16 GMT" time="31.909" errors="0">
  <testcase name="verifyForgotpswdLinkTest" time="0.139" classname="com.qa.orangehrm.tests.LoginPageTest"/>
  <testcase name="HomepageDashboardTest" time="0.136" classname="com.qa.orangehrm.tests.HomePageTest"/>
  <testcase name="verifyLoginPageTitleTest" time="0.014" classname="com.qa.orangehrm.tests.LoginPageTest"/>
  <testcase name="verifHomePageTitleTest" time="0.019" classname="com.qa.orangehrm.tests.HomePageTest"/>
  <testcase name="loginTest" time="5.134" classname="com.qa.orangehrm.tests.LoginPageTest"/>
  <testcase name="loggedInUserTest" time="0.373" classname="com.qa.orangehrm.tests.HomePageTest"/>
</testsuite> <!-- Default test -->
