<?xml version="1.0" encoding="UTF-8"?>
<!-- Generated by org.testng.reporters.JUnitXMLReporter -->
<testsuite hostname="RAVI-PC" ignored="0" name="Default test" tests="3" failures="0" timestamp="17 Jul 2020 10:50:38 GMT" time="23.496" errors="0">
  <testcase name="verifyForgotpswdLinkTest" time="0.723" classname="com.qa.orangehrm.tests.LoginPageTest"/>
  <testcase name="verifyLoginPageTitleTest" time="0.065" classname="com.qa.orangehrm.tests.LoginPageTest"/>
  <testcase name="loginTest" time="1.895" classname="com.qa.orangehrm.tests.LoginPageTest"/>
</testsuite> <!-- Default test -->
