<?xml version="1.0" encoding="UTF-8"?>
<testng-results skipped="0" failed="0" ignored="0" total="6" passed="6">
  <reporter-output>
  </reporter-output>
  <suite name="Default suite" duration-ms="31909" started-at="2020-07-15T13:53:44Z" finished-at="2020-07-15T13:54:16Z">
    <groups>
    </groups>
    <test name="Default test" duration-ms="31909" started-at="2020-07-15T13:53:44Z" finished-at="2020-07-15T13:54:16Z">
      <class name="com.qa.orangehrm.tests.LoginPageTest">
        <test-method status="PASS" signature="verifyForgotpswdLinkTest()[pri:1, instance:com.qa.orangehrm.tests.LoginPageTest@53b32d7]" name="verifyForgotpswdLinkTest" duration-ms="139" started-at="2020-07-15T13:54:09Z" description="Verify ForgotpasswordLink" finished-at="2020-07-15T13:54:09Z">
          <reporter-output>
          </reporter-output>
        </test-method> <!-- verifyForgotpswdLinkTest -->
        <test-method status="PASS" signature="verifyLoginPageTitleTest()[pri:2, instance:com.qa.orangehrm.tests.LoginPageTest@53b32d7]" name="verifyLoginPageTitleTest" duration-ms="14" started-at="2020-07-15T13:54:09Z" description="Verify Login Page Title" finished-at="2020-07-15T13:54:09Z">
          <reporter-output>
          </reporter-output>
        </test-method> <!-- verifyLoginPageTitleTest -->
        <test-method status="PASS" signature="loginTest()[pri:3, instance:com.qa.orangehrm.tests.LoginPageTest@53b32d7]" name="loginTest" duration-ms="5134" started-at="2020-07-15T13:54:09Z" finished-at="2020-07-15T13:54:14Z">
          <reporter-output>
          </reporter-output>
        </test-method> <!-- loginTest -->
      </class> <!-- com.qa.orangehrm.tests.LoginPageTest -->
      <class name="com.qa.orangehrm.tests.HomePageTest">
        <test-method status="PASS" signature="setUp()[pri:0, instance:com.qa.orangehrm.tests.HomePageTest@5442a311]" name="setUp" is-config="true" duration-ms="15678" started-at="2020-07-15T13:53:44Z" finished-at="2020-07-15T13:54:00Z">
          <reporter-output>
          </reporter-output>
        </test-method> <!-- setUp -->
        <test-method status="PASS" signature="setUp()[pri:0, instance:com.qa.orangehrm.tests.LoginPageTest@53b32d7]" name="setUp" is-config="true" duration-ms="8662" started-at="2020-07-15T13:54:00Z" finished-at="2020-07-15T13:54:09Z">
          <reporter-output>
          </reporter-output>
        </test-method> <!-- setUp -->
        <test-method status="PASS" signature="HomepageDashboardTest()[pri:1, instance:com.qa.orangehrm.tests.HomePageTest@5442a311]" name="HomepageDashboardTest" duration-ms="136" started-at="2020-07-15T13:54:09Z" description="verifying Homepage dashboard" finished-at="2020-07-15T13:54:09Z">
          <reporter-output>
          </reporter-output>
        </test-method> <!-- HomepageDashboardTest -->
        <test-method status="PASS" signature="verifHomePageTitleTest()[pri:2, instance:com.qa.orangehrm.tests.HomePageTest@5442a311]" name="verifHomePageTitleTest" duration-ms="19" started-at="2020-07-15T13:54:09Z" description="Verifying homepage title" finished-at="2020-07-15T13:54:09Z">
          <reporter-output>
          </reporter-output>
        </test-method> <!-- verifHomePageTitleTest -->
        <test-method status="PASS" signature="loggedInUserTest()[pri:3, instance:com.qa.orangehrm.tests.HomePageTest@5442a311]" name="loggedInUserTest" duration-ms="373" started-at="2020-07-15T13:54:14Z" description="Verifying Logged User" finished-at="2020-07-15T13:54:14Z">
          <reporter-output>
          </reporter-output>
        </test-method> <!-- loggedInUserTest -->
        <test-method status="PASS" signature="tearDown()[pri:0, instance:com.qa.orangehrm.tests.HomePageTest@5442a311]" name="tearDown" is-config="true" duration-ms="943" started-at="2020-07-15T13:54:14Z" finished-at="2020-07-15T13:54:15Z">
          <reporter-output>
          </reporter-output>
        </test-method> <!-- tearDown -->
        <test-method status="PASS" signature="tearDown()[pri:0, instance:com.qa.orangehrm.tests.LoginPageTest@53b32d7]" name="tearDown" is-config="true" duration-ms="751" started-at="2020-07-15T13:54:15Z" finished-at="2020-07-15T13:54:16Z">
          <reporter-output>
          </reporter-output>
        </test-method> <!-- tearDown -->
      </class> <!-- com.qa.orangehrm.tests.HomePageTest -->
    </test> <!-- Default test -->
  </suite> <!-- Default suite -->
</testng-results>
