<?xml version="1.0" encoding="UTF-8"?>
<testng-results skipped="0" failed="0" ignored="0" total="2" passed="2">
  <reporter-output>
  </reporter-output>
  <suite name="Default suite" duration-ms="22003" started-at="2020-07-15T18:35:47Z" finished-at="2020-07-15T18:36:09Z">
    <groups>
    </groups>
    <test name="Default test" duration-ms="22003" started-at="2020-07-15T18:35:47Z" finished-at="2020-07-15T18:36:09Z">
      <class name="com.qa.orangehrm.tests.AdminPageTest">
        <test-method status="PASS" signature="setUp()[pri:0, instance:com.qa.orangehrm.tests.AdminPageTest@5c3bd550]" name="setUp" is-config="true" duration-ms="10455" started-at="2020-07-15T18:35:47Z" finished-at="2020-07-15T18:35:58Z">
          <reporter-output>
          </reporter-output>
        </test-method> <!-- setUp -->
        <test-method status="PASS" signature="adminSetup()[pri:0, instance:com.qa.orangehrm.tests.AdminPageTest@5c3bd550]" name="adminSetup" is-config="true" duration-ms="7329" started-at="2020-07-15T18:35:58Z" finished-at="2020-07-15T18:36:05Z">
          <reporter-output>
          </reporter-output>
        </test-method> <!-- adminSetup -->
        <test-method status="PASS" signature="verifyAdminPageTitleTest()[pri:1, instance:com.qa.orangehrm.tests.AdminPageTest@5c3bd550]" name="verifyAdminPageTitleTest" duration-ms="36" started-at="2020-07-15T18:36:05Z" finished-at="2020-07-15T18:36:05Z">
          <reporter-output>
          </reporter-output>
        </test-method> <!-- verifyAdminPageTitleTest -->
        <test-method status="PASS" signature="createUserTest()[pri:2, instance:com.qa.orangehrm.tests.AdminPageTest@5c3bd550]" name="createUserTest" duration-ms="3300" started-at="2020-07-15T18:36:05Z" finished-at="2020-07-15T18:36:09Z">
          <reporter-output>
          </reporter-output>
        </test-method> <!-- createUserTest -->
        <test-method status="PASS" signature="tearDown()[pri:0, instance:com.qa.orangehrm.tests.AdminPageTest@5c3bd550]" name="tearDown" is-config="true" duration-ms="830" started-at="2020-07-15T18:36:09Z" finished-at="2020-07-15T18:36:09Z">
          <reporter-output>
          </reporter-output>
        </test-method> <!-- tearDown -->
      </class> <!-- com.qa.orangehrm.tests.AdminPageTest -->
    </test> <!-- Default test -->
  </suite> <!-- Default suite -->
</testng-results>
